0 info it worked if it ends with ok
1 verbose cli [ '/Users/dave/.nvm/versions/node/v5.5.0/bin/node',
1 verbose cli   '/Users/dave/.nvm/versions/node/v5.5.0/bin/npm',
1 verbose cli   'run',
1 verbose cli   'dev_server' ]
2 info using npm@3.3.12
3 info using node@v5.5.0
4 verbose run-script [ 'predev_server', 'dev_server', 'postdev_server' ]
5 info lifecycle webpack-rails@0.0.1~predev_server: webpack-rails@0.0.1
6 silly lifecycle webpack-rails@0.0.1~predev_server: no script for predev_server, continuing
7 info lifecycle webpack-rails@0.0.1~dev_server: webpack-rails@0.0.1
8 verbose lifecycle webpack-rails@0.0.1~dev_server: unsafe-perm in lifecycle true
9 verbose lifecycle webpack-rails@0.0.1~dev_server: PATH: /Users/dave/.nvm/versions/node/v5.5.0/lib/node_modules/npm/bin/node-gyp-bin:/Users/dave/useable/taxzilla/node_modules/.bin:/Users/dave/.nvm/versions/node/v5.5.0/bin:/Users/dave/.rbenv/shims:/Applications/Postgres.app/Contents/Versions/9.4/bin:/Users/dave/.rbenv/bin:/usr/local/heroku/bin:/Users/dave/.rbenv/shims:/usr/local/bin:/usr/bin:/bin:/usr/sbin:/sbin:/opt/X11/bin
10 verbose lifecycle webpack-rails@0.0.1~dev_server: CWD: /Users/dave/useable/taxzilla
11 silly lifecycle webpack-rails@0.0.1~dev_server: Args: [ '-c',
11 silly lifecycle   'eslint webpack/ && webpack-dashboard -- ./node_modules/.bin/webpack-dev-server --config config/webpack.config.js' ]
12 silly lifecycle webpack-rails@0.0.1~dev_server: Returned: code: 1  signal: null
13 info lifecycle webpack-rails@0.0.1~dev_server: Failed to exec dev_server script
14 verbose stack Error: webpack-rails@0.0.1 dev_server: `eslint webpack/ && webpack-dashboard -- ./node_modules/.bin/webpack-dev-server --config config/webpack.config.js`
14 verbose stack Exit status 1
14 verbose stack     at EventEmitter.<anonymous> (/Users/dave/.nvm/versions/node/v5.5.0/lib/node_modules/npm/lib/utils/lifecycle.js:232:16)
14 verbose stack     at emitTwo (events.js:100:13)
14 verbose stack     at EventEmitter.emit (events.js:185:7)
14 verbose stack     at ChildProcess.<anonymous> (/Users/dave/.nvm/versions/node/v5.5.0/lib/node_modules/npm/lib/utils/spawn.js:24:14)
14 verbose stack     at emitTwo (events.js:100:13)
14 verbose stack     at ChildProcess.emit (events.js:185:7)
14 verbose stack     at maybeClose (internal/child_process.js:821:16)
14 verbose stack     at Process.ChildProcess._handle.onexit (internal/child_process.js:211:5)
15 verbose pkgid webpack-rails@0.0.1
16 verbose cwd /Users/dave/useable/taxzilla
17 error Darwin 15.0.0
18 error argv "/Users/dave/.nvm/versions/node/v5.5.0/bin/node" "/Users/dave/.nvm/versions/node/v5.5.0/bin/npm" "run" "dev_server"
19 error node v5.5.0
20 error npm  v3.3.12
21 error code ELIFECYCLE
22 error webpack-rails@0.0.1 dev_server: `eslint webpack/ && webpack-dashboard -- ./node_modules/.bin/webpack-dev-server --config config/webpack.config.js`
22 error Exit status 1
23 error Failed at the webpack-rails@0.0.1 dev_server script 'eslint webpack/ && webpack-dashboard -- ./node_modules/.bin/webpack-dev-server --config config/webpack.config.js'.
23 error Make sure you have the latest version of node.js and npm installed.
23 error If you do, this is most likely a problem with the webpack-rails package,
23 error not with npm itself.
23 error Tell the author that this fails on your system:
23 error     eslint webpack/ && webpack-dashboard -- ./node_modules/.bin/webpack-dev-server --config config/webpack.config.js
23 error You can get their info via:
23 error     npm owner ls webpack-rails
23 error There is likely additional logging output above.
24 verbose exit [ 1, true ]
